[0.158s] DEBUG:colcon:Command line arguments: ['/usr/bin/colcon', 'build', '--symlink-install']
[0.158s] DEBUG:colcon:Parsed command line arguments: Namespace(log_base=None, log_level=None, verb_name='build', build_base='build', install_base='install', merge_install=False, symlink_install=True, test_result_base=None, continue_on_error=False, executor='parallel', parallel_workers=4, event_handlers=None, ignore_user_meta=False, metas=['./colcon.meta'], base_paths=['.'], packages_ignore=None, packages_ignore_regex=None, paths=None, packages_up_to=None, packages_up_to_regex=None, packages_above=None, packages_above_and_dependencies=None, packages_above_depth=None, packages_select_by_dep=None, packages_skip_by_dep=None, packages_skip_up_to=None, packages_select_build_failed=False, packages_skip_build_finished=False, packages_select_test_failures=False, packages_skip_test_passed=False, packages_select=None, packages_skip=None, packages_select_regex=None, packages_skip_regex=None, packages_start=None, packages_end=None, allow_overriding=[], cmake_args=None, cmake_target=None, cmake_target_skip_unavailable=False, cmake_clean_cache=False, cmake_clean_first=False, cmake_force_configure=False, ament_cmake_args=None, catkin_cmake_args=None, catkin_skip_building_tests=False, mixin_files=None, mixin=None, verb_parser=<colcon_mixin.mixin.mixin_argument.MixinArgumentDecorator object at 0xffffb3a36480>, verb_extension=<colcon_core.verb.build.BuildVerb object at 0xffffb3bee120>, main=<bound method BuildVerb.main of <colcon_core.verb.build.BuildVerb object at 0xffffb3bee120>>, mixin_verb=('build',))
[0.223s] Level 1:colcon.colcon_core.package_discovery:discover_packages(colcon_meta) check parameters
[0.223s] Level 1:colcon.colcon_core.package_discovery:discover_packages(recursive) check parameters
[0.223s] Level 1:colcon.colcon_core.package_discovery:discover_packages(ignore) check parameters
[0.223s] Level 1:colcon.colcon_core.package_discovery:discover_packages(path) check parameters
[0.224s] Level 1:colcon.colcon_core.package_discovery:discover_packages(colcon_meta) discover
[0.224s] Level 1:colcon.colcon_core.package_discovery:discover_packages(recursive) discover
[0.224s] INFO:colcon.colcon_core.package_discovery:Crawling recursively for packages in '/home/valgrind/odin_ws/src/minibot'
[0.224s] Level 1:colcon.colcon_core.package_identification:_identify(.) by extensions ['ignore', 'ignore_ament_install']
[0.224s] Level 1:colcon.colcon_core.package_identification:_identify(.) by extension 'ignore'
[0.224s] Level 1:colcon.colcon_core.package_identification:_identify(.) by extension 'ignore_ament_install'
[0.224s] Level 1:colcon.colcon_core.package_identification:_identify(.) by extensions ['colcon_pkg']
[0.224s] Level 1:colcon.colcon_core.package_identification:_identify(.) by extension 'colcon_pkg'
[0.224s] Level 1:colcon.colcon_core.package_identification:_identify(.) by extensions ['colcon_meta']
[0.224s] Level 1:colcon.colcon_core.package_identification:_identify(.) by extension 'colcon_meta'
[0.224s] Level 1:colcon.colcon_core.package_identification:_identify(.) by extensions ['ros']
[0.224s] Level 1:colcon.colcon_core.package_identification:_identify(.) by extension 'ros'
[0.280s] DEBUG:colcon.colcon_core.package_identification:Package '.' with type 'ros.ament_cmake' and name 'minibot'
[0.280s] Level 1:colcon.colcon_core.package_discovery:discover_packages(recursive) using defaults
[0.280s] Level 1:colcon.colcon_core.package_discovery:discover_packages(ignore) discover
[0.280s] Level 1:colcon.colcon_core.package_discovery:discover_packages(ignore) using defaults
[0.280s] Level 1:colcon.colcon_core.package_discovery:discover_packages(path) discover
[0.280s] Level 1:colcon.colcon_core.package_discovery:discover_packages(path) using defaults
[0.308s] Level 1:colcon.colcon_core.package_discovery:discover_packages(prefix_path) check parameters
[0.308s] Level 1:colcon.colcon_core.package_discovery:discover_packages(prefix_path) discover
[0.311s] DEBUG:colcon.colcon_installed_package_information.package_discovery:Found 4 installed packages in /home/valgrind/odin_ws/src/install
[0.314s] DEBUG:colcon.colcon_installed_package_information.package_discovery:Found 394 installed packages in /opt/ros/jazzy
[0.316s] Level 1:colcon.colcon_core.package_discovery:discover_packages(prefix_path) using defaults
[0.392s] Level 5:colcon.colcon_core.verb:set package 'minibot' build argument 'cmake_args' from command line to 'None'
[0.392s] Level 5:colcon.colcon_core.verb:set package 'minibot' build argument 'cmake_target' from command line to 'None'
[0.392s] Level 5:colcon.colcon_core.verb:set package 'minibot' build argument 'cmake_target_skip_unavailable' from command line to 'False'
[0.392s] Level 5:colcon.colcon_core.verb:set package 'minibot' build argument 'cmake_clean_cache' from command line to 'False'
[0.392s] Level 5:colcon.colcon_core.verb:set package 'minibot' build argument 'cmake_clean_first' from command line to 'False'
[0.392s] Level 5:colcon.colcon_core.verb:set package 'minibot' build argument 'cmake_force_configure' from command line to 'False'
[0.392s] Level 5:colcon.colcon_core.verb:set package 'minibot' build argument 'ament_cmake_args' from command line to 'None'
[0.392s] Level 5:colcon.colcon_core.verb:set package 'minibot' build argument 'catkin_cmake_args' from command line to 'None'
[0.392s] Level 5:colcon.colcon_core.verb:set package 'minibot' build argument 'catkin_skip_building_tests' from command line to 'False'
[0.392s] DEBUG:colcon.colcon_core.verb:Building package 'minibot' with the following arguments: {'ament_cmake_args': None, 'build_base': '/home/valgrind/odin_ws/src/minibot/build/minibot', 'catkin_cmake_args': None, 'catkin_skip_building_tests': False, 'cmake_args': None, 'cmake_clean_cache': False, 'cmake_clean_first': False, 'cmake_force_configure': False, 'cmake_target': None, 'cmake_target_skip_unavailable': False, 'install_base': '/home/valgrind/odin_ws/src/minibot/install/minibot', 'merge_install': False, 'path': '/home/valgrind/odin_ws/src/minibot', 'symlink_install': True, 'test_result_base': None}
[0.392s] INFO:colcon.colcon_core.executor:Executing jobs using 'parallel' executor
[0.394s] DEBUG:colcon.colcon_parallel_executor.executor.parallel:run_until_complete
[0.394s] INFO:colcon.colcon_ros.task.ament_cmake.build:Building ROS package in '/home/valgrind/odin_ws/src/minibot' with build type 'ament_cmake'
[0.394s] INFO:colcon.colcon_cmake.task.cmake.build:Building CMake package in '/home/valgrind/odin_ws/src/minibot'
[0.403s] INFO:colcon.colcon_core.plugin_system:Skipping extension 'colcon_core.shell.bat': Not used on non-Windows systems
[0.404s] INFO:colcon.colcon_core.shell:Skip shell extension 'powershell' for command environment: Not usable outside of PowerShell
[0.404s] DEBUG:colcon.colcon_core.shell:Skip shell extension 'dsv' for command environment
[0.429s] DEBUG:colcon.colcon_core.event_handler.log_command:Invoking command in '/home/valgrind/odin_ws/src/minibot/build/minibot': CMAKE_PREFIX_PATH=${CMAKE_PREFIX_PATH}:/home/valgrind/odin_ws/src/install/twist_stamper:/opt/ros/jazzy DEBUGINFOD_URLS=https://debuginfod.ubuntu.com /usr/bin/cmake /home/valgrind/odin_ws/src/minibot -DAMENT_CMAKE_SYMLINK_INSTALL=1 -DCMAKE_INSTALL_PREFIX=/home/valgrind/odin_ws/src/minibot/install/minibot
[3.052s] DEBUG:colcon.colcon_core.event_handler.log_command:Invoked command in '/home/valgrind/odin_ws/src/minibot/build/minibot' returned '0': CMAKE_PREFIX_PATH=${CMAKE_PREFIX_PATH}:/home/valgrind/odin_ws/src/install/twist_stamper:/opt/ros/jazzy DEBUGINFOD_URLS=https://debuginfod.ubuntu.com /usr/bin/cmake /home/valgrind/odin_ws/src/minibot -DAMENT_CMAKE_SYMLINK_INSTALL=1 -DCMAKE_INSTALL_PREFIX=/home/valgrind/odin_ws/src/minibot/install/minibot
[3.055s] DEBUG:colcon.colcon_core.event_handler.log_command:Invoking command in '/home/valgrind/odin_ws/src/minibot/build/minibot': CMAKE_PREFIX_PATH=${CMAKE_PREFIX_PATH}:/home/valgrind/odin_ws/src/install/twist_stamper:/opt/ros/jazzy DEBUGINFOD_URLS=https://debuginfod.ubuntu.com /usr/bin/cmake --build /home/valgrind/odin_ws/src/minibot/build/minibot -- -j4 -l4
[11.499s] DEBUG:colcon.colcon_core.event_handler.log_command:Invoked command in '/home/valgrind/odin_ws/src/minibot/build/minibot' returned '0': CMAKE_PREFIX_PATH=${CMAKE_PREFIX_PATH}:/home/valgrind/odin_ws/src/install/twist_stamper:/opt/ros/jazzy DEBUGINFOD_URLS=https://debuginfod.ubuntu.com /usr/bin/cmake --build /home/valgrind/odin_ws/src/minibot/build/minibot -- -j4 -l4
[11.519s] DEBUG:colcon.colcon_core.event_handler.log_command:Invoking command in '/home/valgrind/odin_ws/src/minibot/build/minibot': CMAKE_PREFIX_PATH=${CMAKE_PREFIX_PATH}:/home/valgrind/odin_ws/src/install/twist_stamper:/opt/ros/jazzy DEBUGINFOD_URLS=https://debuginfod.ubuntu.com /usr/bin/cmake --install /home/valgrind/odin_ws/src/minibot/build/minibot
[12.800s] Level 1:colcon.colcon_core.environment:create_environment_scripts_only(minibot)
[12.801s] DEBUG:colcon.colcon_core.event_handler.log_command:Invoked command in '/home/valgrind/odin_ws/src/minibot/build/minibot' returned '0': CMAKE_PREFIX_PATH=${CMAKE_PREFIX_PATH}:/home/valgrind/odin_ws/src/install/twist_stamper:/opt/ros/jazzy DEBUGINFOD_URLS=https://debuginfod.ubuntu.com /usr/bin/cmake --install /home/valgrind/odin_ws/src/minibot/build/minibot
[12.809s] Level 1:colcon.colcon_core.environment:checking '/home/valgrind/odin_ws/src/minibot/install/minibot' for CMake module files
[12.810s] Level 1:colcon.colcon_core.environment:checking '/home/valgrind/odin_ws/src/minibot/install/minibot' for CMake config files
[12.811s] Level 1:colcon.colcon_core.shell:create_environment_hook('minibot', 'cmake_prefix_path')
[12.811s] INFO:colcon.colcon_core.shell:Creating environment hook '/home/valgrind/odin_ws/src/minibot/install/minibot/share/minibot/hook/cmake_prefix_path.ps1'
[12.812s] INFO:colcon.colcon_core.shell:Creating environment descriptor '/home/valgrind/odin_ws/src/minibot/install/minibot/share/minibot/hook/cmake_prefix_path.dsv'
[12.813s] INFO:colcon.colcon_core.shell:Creating environment hook '/home/valgrind/odin_ws/src/minibot/install/minibot/share/minibot/hook/cmake_prefix_path.sh'
[12.814s] Level 1:colcon.colcon_core.environment:checking '/home/valgrind/odin_ws/src/minibot/install/minibot/lib'
[12.814s] Level 1:colcon.colcon_core.environment:checking '/home/valgrind/odin_ws/src/minibot/install/minibot/bin'
[12.814s] Level 1:colcon.colcon_core.environment:checking '/home/valgrind/odin_ws/src/minibot/install/minibot/lib/pkgconfig/minibot.pc'
[12.814s] Level 1:colcon.colcon_core.environment:checking '/home/valgrind/odin_ws/src/minibot/install/minibot/lib/python3.12/site-packages'
[12.815s] Level 1:colcon.colcon_core.environment:checking '/home/valgrind/odin_ws/src/minibot/install/minibot/bin'
[12.815s] INFO:colcon.colcon_core.shell:Creating package script '/home/valgrind/odin_ws/src/minibot/install/minibot/share/minibot/package.ps1'
[12.816s] INFO:colcon.colcon_core.shell:Creating package descriptor '/home/valgrind/odin_ws/src/minibot/install/minibot/share/minibot/package.dsv'
[12.817s] INFO:colcon.colcon_core.shell:Creating package script '/home/valgrind/odin_ws/src/minibot/install/minibot/share/minibot/package.sh'
[12.818s] INFO:colcon.colcon_core.shell:Creating package script '/home/valgrind/odin_ws/src/minibot/install/minibot/share/minibot/package.bash'
[12.818s] INFO:colcon.colcon_core.shell:Creating package script '/home/valgrind/odin_ws/src/minibot/install/minibot/share/minibot/package.zsh'
[12.819s] Level 1:colcon.colcon_core.environment:create_file_with_runtime_dependencies(/home/valgrind/odin_ws/src/minibot/install/minibot/share/colcon-core/packages/minibot)
[12.820s] Level 1:colcon.colcon_core.environment:create_environment_scripts_only(minibot)
[12.820s] Level 1:colcon.colcon_core.environment:checking '/home/valgrind/odin_ws/src/minibot/install/minibot' for CMake module files
[12.821s] Level 1:colcon.colcon_core.environment:checking '/home/valgrind/odin_ws/src/minibot/install/minibot' for CMake config files
[12.822s] Level 1:colcon.colcon_core.shell:create_environment_hook('minibot', 'cmake_prefix_path')
[12.822s] INFO:colcon.colcon_core.shell:Creating environment hook '/home/valgrind/odin_ws/src/minibot/install/minibot/share/minibot/hook/cmake_prefix_path.ps1'
[12.823s] INFO:colcon.colcon_core.shell:Creating environment descriptor '/home/valgrind/odin_ws/src/minibot/install/minibot/share/minibot/hook/cmake_prefix_path.dsv'
[12.824s] INFO:colcon.colcon_core.shell:Creating environment hook '/home/valgrind/odin_ws/src/minibot/install/minibot/share/minibot/hook/cmake_prefix_path.sh'
[12.826s] Level 1:colcon.colcon_core.environment:checking '/home/valgrind/odin_ws/src/minibot/install/minibot/lib'
[12.826s] Level 1:colcon.colcon_core.environment:checking '/home/valgrind/odin_ws/src/minibot/install/minibot/bin'
[12.826s] Level 1:colcon.colcon_core.environment:checking '/home/valgrind/odin_ws/src/minibot/install/minibot/lib/pkgconfig/minibot.pc'
[12.826s] Level 1:colcon.colcon_core.environment:checking '/home/valgrind/odin_ws/src/minibot/install/minibot/lib/python3.12/site-packages'
[12.826s] Level 1:colcon.colcon_core.environment:checking '/home/valgrind/odin_ws/src/minibot/install/minibot/bin'
[12.827s] INFO:colcon.colcon_core.shell:Creating package script '/home/valgrind/odin_ws/src/minibot/install/minibot/share/minibot/package.ps1'
[12.827s] INFO:colcon.colcon_core.shell:Creating package descriptor '/home/valgrind/odin_ws/src/minibot/install/minibot/share/minibot/package.dsv'
[12.828s] INFO:colcon.colcon_core.shell:Creating package script '/home/valgrind/odin_ws/src/minibot/install/minibot/share/minibot/package.sh'
[12.830s] INFO:colcon.colcon_core.shell:Creating package script '/home/valgrind/odin_ws/src/minibot/install/minibot/share/minibot/package.bash'
[12.831s] INFO:colcon.colcon_core.shell:Creating package script '/home/valgrind/odin_ws/src/minibot/install/minibot/share/minibot/package.zsh'
[12.832s] Level 1:colcon.colcon_core.environment:create_file_with_runtime_dependencies(/home/valgrind/odin_ws/src/minibot/install/minibot/share/colcon-core/packages/minibot)
[12.835s] DEBUG:colcon.colcon_parallel_executor.executor.parallel:closing loop
[12.838s] DEBUG:colcon.colcon_parallel_executor.executor.parallel:loop closed
[12.840s] DEBUG:colcon.colcon_parallel_executor.executor.parallel:run_until_complete finished with '0'
[12.840s] DEBUG:colcon.colcon_core.event_reactor:joining thread
[12.864s] INFO:colcon.colcon_core.plugin_system:Skipping extension 'colcon_notification.desktop_notification.terminal_notifier': Not used on non-Darwin systems
[12.864s] INFO:colcon.colcon_core.plugin_system:Skipping extension 'colcon_notification.desktop_notification.win32': Not used on non-Windows systems
[12.865s] INFO:colcon.colcon_notification.desktop_notification:Sending desktop notification using 'notify2'
[12.908s] DEBUG:colcon.colcon_core.event_reactor:joined thread
[12.908s] INFO:colcon.colcon_core.shell:Creating prefix script '/home/valgrind/odin_ws/src/minibot/install/local_setup.ps1'
[12.910s] INFO:colcon.colcon_core.shell:Creating prefix util module '/home/valgrind/odin_ws/src/minibot/install/_local_setup_util_ps1.py'
[12.912s] INFO:colcon.colcon_core.shell:Creating prefix chain script '/home/valgrind/odin_ws/src/minibot/install/setup.ps1'
[12.914s] INFO:colcon.colcon_core.shell:Creating prefix script '/home/valgrind/odin_ws/src/minibot/install/local_setup.sh'
[12.916s] INFO:colcon.colcon_core.shell:Creating prefix util module '/home/valgrind/odin_ws/src/minibot/install/_local_setup_util_sh.py'
[12.917s] INFO:colcon.colcon_core.shell:Creating prefix chain script '/home/valgrind/odin_ws/src/minibot/install/setup.sh'
[12.919s] INFO:colcon.colcon_core.shell:Creating prefix script '/home/valgrind/odin_ws/src/minibot/install/local_setup.bash'
[12.920s] INFO:colcon.colcon_core.shell:Creating prefix chain script '/home/valgrind/odin_ws/src/minibot/install/setup.bash'
[12.922s] INFO:colcon.colcon_core.shell:Creating prefix script '/home/valgrind/odin_ws/src/minibot/install/local_setup.zsh'
[12.924s] INFO:colcon.colcon_core.shell:Creating prefix chain script '/home/valgrind/odin_ws/src/minibot/install/setup.zsh'
